<?xml version="1.0" encoding="UTF-8"?>
<!-- Generated by org.testng.reporters.JUnitReportReporter -->
<testsuite hostname="RashiKhanna-PC" name="scripts.TestScripts" tests="1" failures="0" timestamp="28 Mar 2019 00:50:42 GMT" time="12.136" errors="0">
  <testcase name="testListBoxSortedOrNot" time="12.136" classname="scripts.TestScripts"/>
</testsuite> <!-- scripts.TestScripts -->
